{"name": "test_add_to_cart", "status": "broken", "statusDetails": {"message": "selenium.common.exceptions.TimeoutException: Message: \nStacktrace:\n\tGetHandleVerifier [0x0x7ff6364ae415+77285]\n\tGetHandleVerifier [0x0x7ff6364ae470+77376]\n\t(No symbol) [0x0x7ff636279a6a]\n\t(No symbol) [0x0x7ff6362d0406]\n\t(No symbol) [0x0x7ff6362d06bc]\n\t(No symbol) [0x0x7ff636323ac7]\n\t(No symbol) [0x0x7ff6362f864f]\n\t(No symbol) [0x0x7ff63632087f]\n\t(No symbol) [0x0x7ff6362f83e3]\n\t(No symbol) [0x0x7ff6362c1521]\n\t(No symbol) [0x0x7ff6362c22b3]\n\tGetHandleVerifier [0x0x7ff636791efd+3107021]\n\tGetHandleVerifier [0x0x7ff63678c29d+3083373]\n\tGetHandleVerifier [0x0x7ff6367abedd+3213485]\n\tGetHandleVerifier [0x0x7ff6364c884e+184862]\n\tGetHandleVerifier [0x0x7ff6364d055f+216879]\n\tGetHandleVerifier [0x0x7ff6364b7084+113236]\n\tGetHandleVerifier [0x0x7ff6364b7239+113673]\n\tGetHandleVerifier [0x0x7ff63649e298+11368]\n\tBaseThreadInitThunk [0x0x7ffbe7e7e8d7+23]\n\tRtlUserThreadStart [0x0x7ffbe8f7c34c+44]", "trace": "driver = <selenium.webdriver.chrome.webdriver.WebDriver (session=\"d646c9baaf2d1cdc3246d3f86058ab8c\")>\n\n    def test_add_to_cart(driver):\n        login(driver)\n        add_button = WebDriverWait(driver, 10).until(\n            EC.element_to_be_clickable((By.XPATH, \"//button[text()='Add to cart']\"))\n        )\n        add_button.click()\n    \n        # Sepette ürün sayısı kontrolü\n>       badge = WebDriverWait(driver, 10).until(\n            EC.presence_of_element_located((By.CLASS_NAME, \"shopping_cart_badge\"))\n        )\n\ntests\\test_sauce_demo.py:58: \n_ _ _ _ _ _ _ _ _ _ _ _ _ _ _ _ _ _ _ _ _ _ _ _ _ _ _ _ _ _ _ _ _ _ _ _ _ _ _ _ _ _ _ _ _ _ _ _ _ _ _ _ _ _ _ _ _ _ _ _ _ _ _ _ _ _ _ _ _ _ _ _ _ _ _ _ _ _ _ _ _ _ _ _ _ _ _ _ _ _\n\nself = <selenium.webdriver.support.wait.WebDriverWait (session=\"d646c9baaf2d1cdc3246d3f86058ab8c\")>\nmethod = <function presence_of_element_located.<locals>._predicate at 0x0000023115DEAA20>, message = ''\n\n    def until(self, method: Callable[[D], Union[Literal[False], T]], message: str = \"\") -> T:\n        \"\"\"Wait until the method returns a value that is not False.\n    \n        Calls the method provided with the driver as an argument until the\n        return value does not evaluate to ``False``.\n    \n        Parameters:\n        -----------\n        method: callable(WebDriver)\n            - A callable object that takes a WebDriver instance as an argument.\n    \n        message: str\n            - Optional message for :exc:`TimeoutException`\n    \n        Return:\n        -------\n        object: T\n            - The result of the last call to `method`\n    \n        Raises:\n        -------\n        TimeoutException\n            - If 'method' does not return a truthy value within the WebDriverWait\n            object's timeout\n    \n        Example:\n        --------\n        >>> from selenium.webdriver.common.by import By\n        >>> from selenium.webdriver.support.ui import WebDriverWait\n        >>> from selenium.webdriver.support import expected_conditions as EC\n    \n        # Wait until an element is visible on the page\n        >>> wait = WebDriverWait(driver, 10)\n        >>> element = wait.until(EC.visibility_of_element_located((By.ID, \"exampleId\")))\n        >>> print(element.text)\n        \"\"\"\n        screen = None\n        stacktrace = None\n    \n        end_time = time.monotonic() + self._timeout\n        while True:\n            try:\n                value = method(self._driver)\n                if value:\n                    return value\n            except self._ignored_exceptions as exc:\n                screen = getattr(exc, \"screen\", None)\n                stacktrace = getattr(exc, \"stacktrace\", None)\n            if time.monotonic() > end_time:\n                break\n            time.sleep(self._poll)\n>       raise TimeoutException(message, screen, stacktrace)\nE       selenium.common.exceptions.TimeoutException: Message: \nE       Stacktrace:\nE       \tGetHandleVerifier [0x0x7ff6364ae415+77285]\nE       \tGetHandleVerifier [0x0x7ff6364ae470+77376]\nE       \t(No symbol) [0x0x7ff636279a6a]\nE       \t(No symbol) [0x0x7ff6362d0406]\nE       \t(No symbol) [0x0x7ff6362d06bc]\nE       \t(No symbol) [0x0x7ff636323ac7]\nE       \t(No symbol) [0x0x7ff6362f864f]\nE       \t(No symbol) [0x0x7ff63632087f]\nE       \t(No symbol) [0x0x7ff6362f83e3]\nE       \t(No symbol) [0x0x7ff6362c1521]\nE       \t(No symbol) [0x0x7ff6362c22b3]\nE       \tGetHandleVerifier [0x0x7ff636791efd+3107021]\nE       \tGetHandleVerifier [0x0x7ff63678c29d+3083373]\nE       \tGetHandleVerifier [0x0x7ff6367abedd+3213485]\nE       \tGetHandleVerifier [0x0x7ff6364c884e+184862]\nE       \tGetHandleVerifier [0x0x7ff6364d055f+216879]\nE       \tGetHandleVerifier [0x0x7ff6364b7084+113236]\nE       \tGetHandleVerifier [0x0x7ff6364b7239+113673]\nE       \tGetHandleVerifier [0x0x7ff63649e298+11368]\nE       \tBaseThreadInitThunk [0x0x7ffbe7e7e8d7+23]\nE       \tRtlUserThreadStart [0x0x7ffbe8f7c34c+44]\n\n.venv\\Lib\\site-packages\\selenium\\webdriver\\support\\wait.py:138: TimeoutException"}, "start": 1754155437219, "stop": 1754155451379, "uuid": "1f20b67a-31dd-46ea-a0e1-069bf3988090", "historyId": "c02036acadee9e0317a55b0b1f46fa0e", "testCaseId": "c02036acadee9e0317a55b0b1f46fa0e", "fullName": "tests.test_sauce_demo#test_add_to_cart", "labels": [{"name": "parentSuite", "value": "tests"}, {"name": "suite", "value": "test_sauce_demo"}, {"name": "host", "value": "DESKTOP-NJIFH96"}, {"name": "thread", "value": "15740-MainThread"}, {"name": "framework", "value": "pytest"}, {"name": "language", "value": "cpython3"}, {"name": "package", "value": "tests.test_sauce_demo"}], "titlePath": ["tests", "test_sauce_demo.py"]}