{"name": "test_remove_from_cart", "status": "broken", "statusDetails": {"message": "selenium.common.exceptions.TimeoutException: Message: \nStacktrace:\n\tGetHandleVerifier [0x0x7ff62f8ee415+77285]\n\tGetHandleVerifier [0x0x7ff62f8ee470+77376]\n\t(No symbol) [0x0x7ff62f6b9a6a]\n\t(No symbol) [0x0x7ff62f710406]\n\t(No symbol) [0x0x7ff62f7106bc]\n\t(No symbol) [0x0x7ff62f763ac7]\n\t(No symbol) [0x0x7ff62f73864f]\n\t(No symbol) [0x0x7ff62f76087f]\n\t(No symbol) [0x0x7ff62f7383e3]\n\t(No symbol) [0x0x7ff62f701521]\n\t(No symbol) [0x0x7ff62f7022b3]\n\tGetHandleVerifier [0x0x7ff62fbd1efd+3107021]\n\tGetHandleVerifier [0x0x7ff62fbcc29d+3083373]\n\tGetHandleVerifier [0x0x7ff62fbebedd+3213485]\n\tGetHandleVerifier [0x0x7ff62f90884e+184862]\n\tGetHandleVerifier [0x0x7ff62f91055f+216879]\n\tGetHandleVerifier [0x0x7ff62f8f7084+113236]\n\tGetHandleVerifier [0x0x7ff62f8f7239+113673]\n\tGetHandleVerifier [0x0x7ff62f8de298+11368]\n\tBaseThreadInitThunk [0x0x7ff9c850e8d7+23]\n\tRtlUserThreadStart [0x0x7ff9ca41c5dc+44]", "trace": "login = <selenium.webdriver.chrome.webdriver.WebDriver (session=\"77b62f1535d6ee7c15c95645a2dbfa89\")>\n\n    @allure.feature(\"TC005 - Sepetten Ürün Silme\")\n    def test_remove_from_cart(login):\n        browser = login\n        # Eğer ürün yoksa önce ekle\n        if not browser.find_elements(By.CLASS_NAME, \"shopping_cart_badge\"):\n            add_button = WebDriverWait(browser, 10).until(\n                EC.element_to_be_clickable((By.XPATH, \"//button[text()='Add to cart']\"))\n            )\n            add_button.click()\n    \n>       remove_button = WebDriverWait(browser, 10).until(\n            EC.element_to_be_clickable((By.XPATH, \"//button[text()='Remove']\"))\n        )\n\ntests\\test_sauce_demo.py:59: \n_ _ _ _ _ _ _ _ _ _ _ _ _ _ _ _ _ _ _ _ _ _ _ _ _ _ _ _ _ _ _ _ _ _ _ _ _ _ _ _ _ _ _ _ _ _ _ _ _ _ _ _ _ _ _ _ _ _ _ _ _ _ _ _ _ _ _ _ _ _ _ _ _ _ _ _ _ _ _ _ _ _ _ _ _ _ _ _ _ _\n\nself = <selenium.webdriver.support.wait.WebDriverWait (session=\"77b62f1535d6ee7c15c95645a2dbfa89\")>\nmethod = <function element_to_be_clickable.<locals>._predicate at 0x000001DE7B6BE8E0>, message = ''\n\n    def until(self, method: Callable[[D], Union[Literal[False], T]], message: str = \"\") -> T:\n        \"\"\"Wait until the method returns a value that is not False.\n    \n        Calls the method provided with the driver as an argument until the\n        return value does not evaluate to ``False``.\n    \n        Parameters:\n        -----------\n        method: callable(WebDriver)\n            - A callable object that takes a WebDriver instance as an argument.\n    \n        message: str\n            - Optional message for :exc:`TimeoutException`\n    \n        Return:\n        -------\n        object: T\n            - The result of the last call to `method`\n    \n        Raises:\n        -------\n        TimeoutException\n            - If 'method' does not return a truthy value within the WebDriverWait\n            object's timeout\n    \n        Example:\n        --------\n        >>> from selenium.webdriver.common.by import By\n        >>> from selenium.webdriver.support.ui import WebDriverWait\n        >>> from selenium.webdriver.support import expected_conditions as EC\n    \n        # Wait until an element is visible on the page\n        >>> wait = WebDriverWait(driver, 10)\n        >>> element = wait.until(EC.visibility_of_element_located((By.ID, \"exampleId\")))\n        >>> print(element.text)\n        \"\"\"\n        screen = None\n        stacktrace = None\n    \n        end_time = time.monotonic() + self._timeout\n        while True:\n            try:\n                value = method(self._driver)\n                if value:\n                    return value\n            except self._ignored_exceptions as exc:\n                screen = getattr(exc, \"screen\", None)\n                stacktrace = getattr(exc, \"stacktrace\", None)\n            if time.monotonic() > end_time:\n                break\n            time.sleep(self._poll)\n>       raise TimeoutException(message, screen, stacktrace)\nE       selenium.common.exceptions.TimeoutException: Message: \nE       Stacktrace:\nE       \tGetHandleVerifier [0x0x7ff62f8ee415+77285]\nE       \tGetHandleVerifier [0x0x7ff62f8ee470+77376]\nE       \t(No symbol) [0x0x7ff62f6b9a6a]\nE       \t(No symbol) [0x0x7ff62f710406]\nE       \t(No symbol) [0x0x7ff62f7106bc]\nE       \t(No symbol) [0x0x7ff62f763ac7]\nE       \t(No symbol) [0x0x7ff62f73864f]\nE       \t(No symbol) [0x0x7ff62f76087f]\nE       \t(No symbol) [0x0x7ff62f7383e3]\nE       \t(No symbol) [0x0x7ff62f701521]\nE       \t(No symbol) [0x0x7ff62f7022b3]\nE       \tGetHandleVerifier [0x0x7ff62fbd1efd+3107021]\nE       \tGetHandleVerifier [0x0x7ff62fbcc29d+3083373]\nE       \tGetHandleVerifier [0x0x7ff62fbebedd+3213485]\nE       \tGetHandleVerifier [0x0x7ff62f90884e+184862]\nE       \tGetHandleVerifier [0x0x7ff62f91055f+216879]\nE       \tGetHandleVerifier [0x0x7ff62f8f7084+113236]\nE       \tGetHandleVerifier [0x0x7ff62f8f7239+113673]\nE       \tGetHandleVerifier [0x0x7ff62f8de298+11368]\nE       \tBaseThreadInitThunk [0x0x7ff9c850e8d7+23]\nE       \tRtlUserThreadStart [0x0x7ff9ca41c5dc+44]\n\n.venv\\Lib\\site-packages\\selenium\\webdriver\\support\\wait.py:138: TimeoutException"}, "start": 1753899861789, "stop": 1753899872280, "uuid": "39e4c661-7420-4ade-8878-8db5acf25a0c", "historyId": "300e7c57f8085b38e94018127b0f9c88", "testCaseId": "300e7c57f8085b38e94018127b0f9c88", "fullName": "tests.test_sauce_demo#test_remove_from_cart", "labels": [{"name": "feature", "value": "TC005 - Sepetten Ürün Silme"}, {"name": "parentSuite", "value": "tests"}, {"name": "suite", "value": "test_sauce_demo"}, {"name": "host", "value": "DESKTOP-NJIFH96"}, {"name": "thread", "value": "15880-MainThread"}, {"name": "framework", "value": "pytest"}, {"name": "language", "value": "cpython3"}, {"name": "package", "value": "tests.test_sauce_demo"}], "titlePath": ["tests", "test_sauce_demo.py"]}