{"name": "test_remove_from_cart", "status": "broken", "statusDetails": {"message": "selenium.common.exceptions.NoSuchElementException: Message: no such element: Unable to locate element: {\"method\":\"xpath\",\"selector\":\"//button[text()='Remove']\"}\n  (Session info: chrome=138.0.7204.169); For documentation on this error, please visit: https://www.selenium.dev/documentation/webdriver/troubleshooting/errors#nosuchelementexception\nStacktrace:\n\tGetHandleVerifier [0x0x7eba83+63395]\n\tGetHandleVerifier [0x0x7ebac4+63460]\n\t(No symbol) [0x0x632113]\n\t(No symbol) [0x0x67a85e]\n\t(No symbol) [0x0x67abfb]\n\t(No symbol) [0x0x6c2f92]\n\t(No symbol) [0x0x69f3f4]\n\t(No symbol) [0x0x6c07ba]\n\t(No symbol) [0x0x69f1a6]\n\t(No symbol) [0x0x66e7b2]\n\t(No symbol) [0x0x66f654]\n\tGetHandleVerifier [0x0xa68883+2672035]\n\tGetHandleVerifier [0x0xa63cba+2652634]\n\tGetHandleVerifier [0x0x812bca+223466]\n\tGetHandleVerifier [0x0x802cb8+158168]\n\tGetHandleVerifier [0x0x80978d+185517]\n\tGetHandleVerifier [0x0x7f3b78+96408]\n\tGetHandleVerifier [0x0x7f3d02+96802]\n\tGetHandleVerifier [0x0x7de90a+9770]\n\tBaseThreadInitThunk [0x0x75315d49+25]\n\tRtlInitializeExceptionChain [0x0x7740d03b+107]\n\tRtlGetAppContainerNamedObjectPath [0x0x7740cfc1+561]", "trace": "browser = <selenium.webdriver.chrome.webdriver.WebDriver (session=\"be9509805210465fd226dd867d264d2d\")>\n\n    @allure.feature(\"TC005 - Sepetten Ürün Silme\")\n    def test_remove_from_cart(browser):\n        browser.get(URL)\n        browser.find_element(By.ID, \"user-name\").send_keys(\"standard_user\")\n        browser.find_element(By.ID, \"password\").send_keys(\"secret_sauce\")\n        browser.find_element(By.ID, \"login-button\").click()\n        browser.find_element(By.XPATH, \"(//button[text()='Add to cart'])[1]\").click()\n        browser.find_element(By.CLASS_NAME, \"shopping_cart_link\").click()\n>       browser.find_element(By.XPATH, \"//button[text()='Remove']\").click()\n        ^^^^^^^^^^^^^^^^^^^^^^^^^^^^^^^^^^^^^^^^^^^^^^^^^^^^^^^^^^^\n\ntests\\test_sauce_demo.py:48: \n_ _ _ _ _ _ _ _ _ _ _ _ _ _ _ _ _ _ _ _ _ _ _ _ _ _ _ _ _ _ _ _ _ _ _ _ _ _ _ _ _ _ _ _ _ _ _ _ _ _ _ _ _ _ _ _ _ _ _ _ _ _ _ _ _ _ _ _ _ _ _ _ _ _ _ _ _ _ _ _ _ _ _ _ _ _ _ _ _ _\n.venv\\Lib\\site-packages\\selenium\\webdriver\\remote\\webdriver.py:922: in find_element\n    return self.execute(Command.FIND_ELEMENT, {\"using\": by, \"value\": value})[\"value\"]\n           ^^^^^^^^^^^^^^^^^^^^^^^^^^^^^^^^^^^^^^^^^^^^^^^^^^^^^^^^^^^^^^^^^\n.venv\\Lib\\site-packages\\selenium\\webdriver\\remote\\webdriver.py:454: in execute\n    self.error_handler.check_response(response)\n_ _ _ _ _ _ _ _ _ _ _ _ _ _ _ _ _ _ _ _ _ _ _ _ _ _ _ _ _ _ _ _ _ _ _ _ _ _ _ _ _ _ _ _ _ _ _ _ _ _ _ _ _ _ _ _ _ _ _ _ _ _ _ _ _ _ _ _ _ _ _ _ _ _ _ _ _ _ _ _ _ _ _ _ _ _ _ _ _ _\n\nself = <selenium.webdriver.remote.errorhandler.ErrorHandler object at 0x0000027564300050>\nresponse = {'status': 404, 'value': '{\"value\":{\"error\":\"no such element\",\"message\":\"no such element: Unable to locate element: {\\...]\\\\n\\\\tRtlInitializeExceptionChain [0x0x7740d03b+107]\\\\n\\\\tRtlGetAppContainerNamedObjectPath [0x0x7740cfc1+561]\\\\n\"}}'}\n\n    def check_response(self, response: dict[str, Any]) -> None:\n        \"\"\"Checks that a JSON response from the WebDriver does not have an\n        error.\n    \n        :Args:\n         - response - The JSON response from the WebDriver server as a dictionary\n           object.\n    \n        :Raises: If the response contains an error message.\n        \"\"\"\n        status = response.get(\"status\", None)\n        if not status or status == ErrorCode.SUCCESS:\n            return\n        value = None\n        message = response.get(\"message\", \"\")\n        screen: str = response.get(\"screen\", \"\")\n        stacktrace = None\n        if isinstance(status, int):\n            value_json = response.get(\"value\", None)\n            if value_json and isinstance(value_json, str):\n                try:\n                    value = json.loads(value_json)\n                    if isinstance(value, dict):\n                        if len(value) == 1:\n                            value = value[\"value\"]\n                        status = value.get(\"error\", None)\n                        if not status:\n                            status = value.get(\"status\", ErrorCode.UNKNOWN_ERROR)\n                            message = value.get(\"value\") or value.get(\"message\")\n                            if not isinstance(message, str):\n                                value = message\n                                message = message.get(\"message\")\n                        else:\n                            message = value.get(\"message\", None)\n                except ValueError:\n                    pass\n    \n        exception_class: type[WebDriverException]\n        e = ErrorCode()\n        error_codes = [item for item in dir(e) if not item.startswith(\"__\")]\n        for error_code in error_codes:\n            error_info = getattr(ErrorCode, error_code)\n            if isinstance(error_info, list) and status in error_info:\n                exception_class = getattr(ExceptionMapping, error_code, WebDriverException)\n                break\n        else:\n            exception_class = WebDriverException\n    \n        if not value:\n            value = response[\"value\"]\n        if isinstance(value, str):\n            raise exception_class(value)\n        if message == \"\" and \"message\" in value:\n            message = value[\"message\"]\n    \n        screen = None  # type: ignore[assignment]\n        if \"screen\" in value:\n            screen = value[\"screen\"]\n    \n        stacktrace = None\n        st_value = value.get(\"stackTrace\") or value.get(\"stacktrace\")\n        if st_value:\n            if isinstance(st_value, str):\n                stacktrace = st_value.split(\"\\n\")\n            else:\n                stacktrace = []\n                try:\n                    for frame in st_value:\n                        line = frame.get(\"lineNumber\", \"\")\n                        file = frame.get(\"fileName\", \"<anonymous>\")\n                        if line:\n                            file = f\"{file}:{line}\"\n                        meth = frame.get(\"methodName\", \"<anonymous>\")\n                        if \"className\" in frame:\n                            meth = f\"{frame['className']}.{meth}\"\n                        msg = \"    at %s (%s)\"\n                        msg = msg % (meth, file)\n                        stacktrace.append(msg)\n                except TypeError:\n                    pass\n        if exception_class == UnexpectedAlertPresentException:\n            alert_text = None\n            if \"data\" in value:\n                alert_text = value[\"data\"].get(\"text\")\n            elif \"alert\" in value:\n                alert_text = value[\"alert\"].get(\"text\")\n            raise exception_class(message, screen, stacktrace, alert_text)  # type: ignore[call-arg]  # mypy is not smart enough here\n>       raise exception_class(message, screen, stacktrace)\nE       selenium.common.exceptions.NoSuchElementException: Message: no such element: Unable to locate element: {\"method\":\"xpath\",\"selector\":\"//button[text()='Remove']\"}\nE         (Session info: chrome=138.0.7204.169); For documentation on this error, please visit: https://www.selenium.dev/documentation/webdriver/troubleshooting/errors#nosuchelementexception\nE       Stacktrace:\nE       \tGetHandleVerifier [0x0x7eba83+63395]\nE       \tGetHandleVerifier [0x0x7ebac4+63460]\nE       \t(No symbol) [0x0x632113]\nE       \t(No symbol) [0x0x67a85e]\nE       \t(No symbol) [0x0x67abfb]\nE       \t(No symbol) [0x0x6c2f92]\nE       \t(No symbol) [0x0x69f3f4]\nE       \t(No symbol) [0x0x6c07ba]\nE       \t(No symbol) [0x0x69f1a6]\nE       \t(No symbol) [0x0x66e7b2]\nE       \t(No symbol) [0x0x66f654]\nE       \tGetHandleVerifier [0x0xa68883+2672035]\nE       \tGetHandleVerifier [0x0xa63cba+2652634]\nE       \tGetHandleVerifier [0x0x812bca+223466]\nE       \tGetHandleVerifier [0x0x802cb8+158168]\nE       \tGetHandleVerifier [0x0x80978d+185517]\nE       \tGetHandleVerifier [0x0x7f3b78+96408]\nE       \tGetHandleVerifier [0x0x7f3d02+96802]\nE       \tGetHandleVerifier [0x0x7de90a+9770]\nE       \tBaseThreadInitThunk [0x0x75315d49+25]\nE       \tRtlInitializeExceptionChain [0x0x7740d03b+107]\nE       \tRtlGetAppContainerNamedObjectPath [0x0x7740cfc1+561]\n\n.venv\\Lib\\site-packages\\selenium\\webdriver\\remote\\errorhandler.py:232: NoSuchElementException"}, "start": 1753899368572, "stop": 1753899370314, "uuid": "913cb839-471b-46c7-955f-bd4f5adee585", "historyId": "300e7c57f8085b38e94018127b0f9c88", "testCaseId": "300e7c57f8085b38e94018127b0f9c88", "fullName": "tests.test_sauce_demo#test_remove_from_cart", "labels": [{"name": "feature", "value": "TC005 - Sepetten Ürün Silme"}, {"name": "parentSuite", "value": "tests"}, {"name": "suite", "value": "test_sauce_demo"}, {"name": "host", "value": "DESKTOP-NJIFH96"}, {"name": "thread", "value": "8864-MainThread"}, {"name": "framework", "value": "pytest"}, {"name": "language", "value": "cpython3"}, {"name": "package", "value": "tests.test_sauce_demo"}], "titlePath": ["tests", "test_sauce_demo.py"]}